<?xml version="1.0" encoding="UTF-8"?>
<!-- Generated by org.testng.reporters.JUnitXMLReporter -->
<testsuite ignored="0" hostname="Shohom" failures="1" tests="1" name="Test1" time="178.203" errors="0" timestamp="2021-11-11T13:04:42 IST">
  <testcase classname="maven.validateTitle" name="validateText" time="89.153">
    <failure type="java.lang.AssertionError" message="expected [CreateAccount] but found [Create Account]">
      <![CDATA[java.lang.AssertionError: expected [CreateAccount] but found [Create Account]
at maven.validateTitle.validateText(validateTitle.java:39)
at java.base/java.util.ArrayList.forEach(ArrayList.java:1511)
... Removed 33 stack frames]]>
    </failure>
  </testcase> <!-- validateText -->
</testsuite> <!-- Test1 -->
